{
  "agent": "bid-manager",
  "artifact_dir": "/root/hermes-workspace/tools/bid-manager/legacy/bid-manager/output/questionnaire-regression-20260427T211549Z",
  "source": "/root/hermes-workspace/tools/bid-manager/legacy/bid-manager/output/questionnaire-regression-20260427T211549Z/bid-manager-official-questionnaire-source.xlsx",
  "final": "/root/hermes-workspace/tools/bid-manager/legacy/bid-manager/output/questionnaire-regression-20260427T211549Z/bid-manager-official-questionnaire-filled.xlsx",
  "render": {
    "name": "libreoffice_xlsx_to_pdf",
    "cmd": [
      "libreoffice",
      "--headless",
      "--convert-to",
      "pdf",
      "--outdir",
      "/root/hermes-workspace/tools/bid-manager/legacy/bid-manager/output/questionnaire-regression-20260427T211549Z",
      "/root/hermes-workspace/tools/bid-manager/legacy/bid-manager/output/questionnaire-regression-20260427T211549Z/bid-manager-official-questionnaire-filled.xlsx"
    ],
    "exit": 0,
    "ok": true,
    "duration_seconds": 0.366,
    "stdout_tail": "",
    "stderr_tail": ""
  },
  "verification": {
    "source_parts": 9,
    "final_parts": 9,
    "parts_preserved": true,
    "rows": 3,
    "response_count": 3,
    "status_count": 3,
    "evidence_count": 3,
    "statuses": [
      "Met",
      "Met",
      "Met"
    ],
    "buyer_remarks_untouched": 3,
    "openpyxl_load_ok": true,
    "libreoffice_render_ok": true,
    "render_pdf": "/root/hermes-workspace/tools/bid-manager/legacy/bid-manager/output/questionnaire-regression-20260427T211549Z/bid-manager-official-questionnaire-filled.pdf"
  },
  "ok": true
}
